<?xml version="1.0" encoding="UTF-8"?>
<robot generator="Robot 5.0.1 (Python 3.10.5 on win32)" generated="20220703 07:49:02.365" rpa="false" schemaversion="3">
<suite id="s1" name="Ordertest" source="D:\autotesting\POM_RobotFR_Automation\testscases\ordertest.robot">
<kw name="Open Browser" library="SeleniumLibrary" type="SETUP">
<arg>${SiteUrl}</arg>
<arg>${Browser}</arg>
<doc>Opens a new browser instance to the optional ``url``.</doc>
<msg timestamp="20220703 07:49:02.699" level="INFO">Opening browser 'Chrome' to base url 'http://automationpractice.com/index.php?controller=authentication&amp;back=my-account'.</msg>
<status status="PASS" starttime="20220703 07:49:02.698" endtime="20220703 07:49:11.234"/>
</kw>
<test id="s1-t1" name="Verification Account" line="15">
<kw name="Maximize Browser Window" library="SeleniumLibrary">
<doc>Maximizes current browser window.</doc>
<status status="PASS" starttime="20220703 07:49:11.236" endtime="20220703 07:49:11.371"/>
</kw>
<kw name="Enter UserName" library="OrderKeywords">
<arg>${user}</arg>
<kw name="Input Text" library="SeleniumLibrary">
<arg>${txt_loginUserName}</arg>
<arg>${username}</arg>
<doc>Types the given ``text`` into the text field identified by ``locator``.</doc>
<msg timestamp="20220703 07:49:11.372" level="INFO">Typing text 'natantondok@gmail.com' into text field 'xpath=//input[@id='email']'.</msg>
<status status="PASS" starttime="20220703 07:49:11.372" endtime="20220703 07:49:11.501"/>
</kw>
<status status="PASS" starttime="20220703 07:49:11.371" endtime="20220703 07:49:11.501"/>
</kw>
<kw name="Enter Password" library="OrderKeywords">
<arg>${pwd}</arg>
<kw name="Input Text" library="SeleniumLibrary">
<arg>${txt_loginpassword}</arg>
<arg>${password}</arg>
<doc>Types the given ``text`` into the text field identified by ``locator``.</doc>
<msg timestamp="20220703 07:49:11.502" level="INFO">Typing text 'P@ss123456' into text field 'xpath=//input[@id="passwd"]'.</msg>
<status status="PASS" starttime="20220703 07:49:11.502" endtime="20220703 07:49:11.584"/>
</kw>
<status status="PASS" starttime="20220703 07:49:11.501" endtime="20220703 07:49:11.584"/>
</kw>
<kw name="Click Button Sign In" library="OrderKeywords">
<kw name="Click Button" library="SeleniumLibrary">
<arg>${button_Login}</arg>
<doc>Clicks the button identified by ``locator``.</doc>
<msg timestamp="20220703 07:49:11.585" level="INFO">Clicking button 'xpath=//button[@id="SubmitLogin"]'.</msg>
<status status="PASS" starttime="20220703 07:49:11.585" endtime="20220703 07:49:14.554"/>
</kw>
<status status="PASS" starttime="20220703 07:49:11.584" endtime="20220703 07:49:14.554"/>
</kw>
<status status="PASS" starttime="20220703 07:49:11.234" endtime="20220703 07:49:14.555"/>
</test>
<test id="s1-t2" name="Order 1 product" line="22">
<kw name="Select Order Categori WOMAN" library="OrderKeywords">
<doc>Verify link order category WOMAN</doc>
<kw name="Click Link" library="SeleniumLibrary">
<arg>${Link_cat_women}</arg>
<doc>Clicks a link identified by ``locator``.</doc>
<msg timestamp="20220703 07:49:14.558" level="INFO">Clicking link 'xpath=//a[@title="Women"]'.</msg>
<status status="PASS" starttime="20220703 07:49:14.557" endtime="20220703 07:49:17.623"/>
</kw>
<kw name="Element Should Contain" library="SeleniumLibrary">
<arg>${Cat_women_page}</arg>
<arg>Women</arg>
<doc>Verifies that element ``locator`` contains text ``expected``.</doc>
<msg timestamp="20220703 07:49:17.667" level="INFO">Element 'xpath=//span[@class="navigation_page"]' contains text 'Women'.</msg>
<status status="PASS" starttime="20220703 07:49:17.623" endtime="20220703 07:49:17.668"/>
</kw>
<status status="PASS" starttime="20220703 07:49:14.557" endtime="20220703 07:49:17.668"/>
</kw>
<kw name="Select 1 product" library="OrderKeywords">
<kw name="Click Element" library="SeleniumLibrary">
<arg>${blouse_product}</arg>
<doc>Click the element identified by ``locator``.</doc>
<msg timestamp="20220703 07:49:17.670" level="INFO">Clicking element 'xpath=(//div[@class="left-block"])[2]'.</msg>
<status status="PASS" starttime="20220703 07:49:17.670" endtime="20220703 07:49:17.793"/>
</kw>
<kw name="Sleep" library="BuiltIn">
<arg>5s</arg>
<doc>Pauses the test executed for the given time.</doc>
<msg timestamp="20220703 07:49:22.796" level="INFO">Slept 5 seconds</msg>
<status status="PASS" starttime="20220703 07:49:17.793" endtime="20220703 07:49:22.796"/>
</kw>
<kw name="Click Element" library="SeleniumLibrary">
<arg>${btn_addcart}</arg>
<doc>Click the element identified by ``locator``.</doc>
<msg timestamp="20220703 07:49:22.796" level="INFO">Clicking element 'xpath=//span[normalize-space()='Add to cart']'.</msg>
<msg timestamp="20220703 07:49:23.089" level="INFO" html="true">&lt;/td&gt;&lt;/tr&gt;&lt;tr&gt;&lt;td colspan="3"&gt;&lt;a href="selenium-screenshot-6.png"&gt;&lt;img src="selenium-screenshot-6.png" width="800px"&gt;&lt;/a&gt;</msg>
<msg timestamp="20220703 07:49:23.089" level="FAIL">ElementNotInteractableException: Message: element not interactable
  (Session info: chrome=103.0.5060.66)
Stacktrace:
Backtrace:
	Ordinal0 [0x00D3D953+2414931]
	Ordinal0 [0x00CCF5E1+1963489]
	Ordinal0 [0x00BBC580+836992]
	Ordinal0 [0x00BEA4F3+1025267]
	Ordinal0 [0x00BE0293+983699]
	Ordinal0 [0x00C0449C+1131676]
	Ordinal0 [0x00BDFC74+982132]
	Ordinal0 [0x00C046B4+1132212]
	Ordinal0 [0x00C14812+1198098]
	Ordinal0 [0x00C042B6+1131190]
	Ordinal0 [0x00BDE860+976992]
	Ordinal0 [0x00BDF756+980822]
	GetHandleVerifier [0x00FACC62+2510274]
	GetHandleVerifier [0x00F9F760+2455744]
	GetHandleVerifier [0x00DCEABA+551962]
	GetHandleVerifier [0x00DCD916+547446]
	Ordinal0 [0x00CD5F3B+1990459]
	Ordinal0 [0x00CDA898+2009240]
	Ordinal0 [0x00CDA985+2009477]
	Ordinal0 [0x00CE3AD1+2046673]
	BaseThreadInitThunk [0x75F6FA29+25]
	RtlGetAppContainerNamedObjectPath [0x77D57A9E+286]
	RtlGetAppContainerNamedObjectPath [0x77D57A6E+238]
</msg>
<status status="FAIL" starttime="20220703 07:49:22.796" endtime="20220703 07:49:23.092"/>
</kw>
<kw name="Click Element" library="SeleniumLibrary">
<arg>${btn_checkout}</arg>
<doc>Click the element identified by ``locator``.</doc>
<status status="NOT RUN" starttime="20220703 07:49:23.092" endtime="20220703 07:49:23.092"/>
</kw>
<kw name="Click Element" library="SeleniumLibrary">
<arg>${btn_checkout1}</arg>
<doc>Click the element identified by ``locator``.</doc>
<status status="NOT RUN" starttime="20220703 07:49:23.092" endtime="20220703 07:49:23.092"/>
</kw>
<kw name="Select From List By Value" library="SeleniumLibrary">
<arg>${address_del}</arg>
<arg>711482</arg>
<doc>Selects options from selection list ``locator`` by ``values``.</doc>
<status status="NOT RUN" starttime="20220703 07:49:23.092" endtime="20220703 07:49:23.093"/>
</kw>
<kw name="Click Element" library="SeleniumLibrary">
<arg>${btn_process_adr}</arg>
<doc>Click the element identified by ``locator``.</doc>
<status status="NOT RUN" starttime="20220703 07:49:23.093" endtime="20220703 07:49:23.093"/>
</kw>
<kw name="Click Element" library="SeleniumLibrary">
<arg>${check_agree}</arg>
<doc>Click the element identified by ``locator``.</doc>
<status status="NOT RUN" starttime="20220703 07:49:23.093" endtime="20220703 07:49:23.093"/>
</kw>
<kw name="Click Element" library="SeleniumLibrary">
<arg>${btn_checkout2}</arg>
<doc>Click the element identified by ``locator``.</doc>
<status status="NOT RUN" starttime="20220703 07:49:23.093" endtime="20220703 07:49:23.093"/>
</kw>
<kw name="Click Element" library="SeleniumLibrary">
<arg>${btn_pay_byBank}</arg>
<doc>Click the element identified by ``locator``.</doc>
<status status="NOT RUN" starttime="20220703 07:49:23.093" endtime="20220703 07:49:23.093"/>
</kw>
<kw name="Click Element" library="SeleniumLibrary">
<arg>${btn_confirm_order}</arg>
<doc>Click the element identified by ``locator``.</doc>
<status status="NOT RUN" starttime="20220703 07:49:23.093" endtime="20220703 07:49:23.093"/>
</kw>
<status status="FAIL" starttime="20220703 07:49:17.669" endtime="20220703 07:49:23.093"/>
</kw>
<kw name="Sleep" library="BuiltIn">
<arg>5s</arg>
<doc>Pauses the test executed for the given time.</doc>
<status status="NOT RUN" starttime="20220703 07:49:23.093" endtime="20220703 07:49:23.094"/>
</kw>
<status status="FAIL" starttime="20220703 07:49:14.556" endtime="20220703 07:49:23.094">ElementNotInteractableException: Message: element not interactable
  (Session info: chrome=103.0.5060.66)
Stacktrace:
Backtrace:
	Ordinal0 [0x00D3D953+2414931]
	Ordinal0 [0x00CCF5E1+1963489]
	Ordinal0 [0x00BBC580+836992]
	Ordinal0 [0x00BEA4F3+1025267]
	Ordinal0 [0x00BE0293+983699]
	Ordinal0 [0x00C0449C+1131676]
	Ordinal0 [0x00BDFC74+982132]
	Ordinal0 [0x00C046B4+1132212]
	Ordinal0 [0x00C14812+1198098]
	Ordinal0 [0x00C042B6+1131190]
	Ordinal0 [0x00BDE860+976992]
	Ordinal0 [0x00BDF756+980822]
	GetHandleVerifier [0x00FACC62+2510274]
	GetHandleVerifier [0x00F9F760+2455744]
	GetHandleVerifier [0x00DCEABA+551962]
	GetHandleVerifier [0x00DCD916+547446]
	Ordinal0 [0x00CD5F3B+1990459]
	Ordinal0 [0x00CDA898+2009240]
	Ordinal0 [0x00CDA985+2009477]
	Ordinal0 [0x00CE3AD1+2046673]
	BaseThreadInitThunk [0x75F6FA29+25]
	RtlGetAppContainerNamedObjectPath [0x77D57A9E+286]
	RtlGetAppContainerNamedObjectPath [0x77D57A6E+238]
</status>
</test>
<kw name="Close Browser" library="SeleniumLibrary" type="TEARDOWN">
<doc>Closes the current browser.</doc>
<status status="PASS" starttime="20220703 07:49:23.098" endtime="20220703 07:49:25.951"/>
</kw>
<status status="FAIL" starttime="20220703 07:49:02.367" endtime="20220703 07:49:25.951"/>
</suite>
<statistics>
<total>
<stat pass="1" fail="1" skip="0">All Tests</stat>
</total>
<tag>
</tag>
<suite>
<stat pass="1" fail="1" skip="0" id="s1" name="Ordertest">Ordertest</stat>
</suite>
</statistics>
<errors>
</errors>
</robot>
